<?xml version="1.0" encoding="UTF-8"?>
<testng-results ignored="0" total="1" passed="1" failed="0" skipped="0">
  <reporter-output>
    <line>
      <![CDATA[Befor Test]]>
    </line>
  </reporter-output>
  <suite started-at="2020-12-12T19:59:00 IST" name="Default suite" finished-at="2020-12-12T19:59:14 IST" duration-ms="14548">
    <groups>
    </groups>
    <test started-at="2020-12-12T19:59:00 IST" name="Default test" finished-at="2020-12-12T19:59:14 IST" duration-ms="14548">
      <class name="com.ecom.tests.SeleniumTestNgJenkins.ApplicationTest">
        <test-method is-config="true" signature="beforTest()[pri:0, instance:com.ecom.tests.SeleniumTestNgJenkins.ApplicationTest@45ca843]" started-at="2020-12-12T19:59:00 IST" name="beforTest" finished-at="2020-12-12T19:59:00 IST" duration-ms="27" status="PASS">
          <reporter-output>
            <line>
              <![CDATA[Befor Test]]>
            </line>
          </reporter-output>
        </test-method> <!-- beforTest -->
        <test-method signature="testEasy()[pri:0, instance:com.ecom.tests.SeleniumTestNgJenkins.ApplicationTest@45ca843]" started-at="2020-12-12T19:59:00 IST" name="testEasy" finished-at="2020-12-12T19:59:14 IST" duration-ms="13816" status="PASS">
          <reporter-output>
          </reporter-output>
        </test-method> <!-- testEasy -->
        <test-method is-config="true" signature="afterTest()[pri:0, instance:com.ecom.tests.SeleniumTestNgJenkins.ApplicationTest@45ca843]" started-at="2020-12-12T19:59:14 IST" name="afterTest" finished-at="2020-12-12T19:59:14 IST" duration-ms="636" status="PASS">
          <reporter-output>
          </reporter-output>
        </test-method> <!-- afterTest -->
      </class> <!-- com.ecom.tests.SeleniumTestNgJenkins.ApplicationTest -->
    </test> <!-- Default test -->
  </suite> <!-- Default suite -->
</testng-results>
